2018.01.18 at 13:46:22 CST INFO  com.sanjin.business.orderManage.OrderManagement 43 run - Order Management已经开启
2018.01.18 at 13:46:22 CST INFO  com.sanjin.business.orderManage.ExecutionManagement 32 run - Execution Management已经开启
2018.01.18 at 13:46:22 CST INFO  com.sanjin.business.orderManage.CancelOrderManagement 31 run - CancelOrder Management已经开启
2018.01.18 at 13:47:30 CST INFO  com.sanjin.business.orderManage.OrderManagement 49 run - symbol: 002415 exchange: SZ clientOrderId: 201801181347300000000 direction: BUY price: 39.5 totalVolume: 200 tradedPrice: 0.0 tradedVolume: 0 orderStatus: STATUS_NOTTRADED clientId: 123
2018.01.18 at 13:47:30 CST INFO  com.sanjin.cache.BrokerPositionCache 117 getAvailableMap - 订单201801181347300000000获取下单分配1:200
2018.01.18 at 13:47:30 CST INFO  com.sanjin.cache.BrokerPositionCache 132 getAvailableMap - 订单201801181347300000000分配成功
2018.01.18 at 13:47:30 CST INFO  com.sanjin.business.orderManage.ExecutionManagement 46 run - ---------------------------------------
2018.01.18 at 13:47:30 CST INFO  com.sanjin.business.orderManage.ExecutionManagement 244 updateBrokerPosition - preBrokerPositionsymbol: 002415 exchange: HKSZ brokerId: 1 position: 60000 posLong: 200 posShort: 0 posLongPending: 200 posShortPending: 0
2018.01.18 at 13:47:30 CST INFO  com.sanjin.business.orderManage.ExecutionManagement 245 updateBrokerPosition - newBrokerPositionsymbol: 002415 exchange: HKSZ brokerId: 1 position: 60000 posLong: 200 posShort: 0 posLongPending: 200 posShortPending: 0
2018.01.18 at 13:47:30 CST INFO  com.sanjin.business.orderManage.ExecutionManagement 291 updateClientPosition - preClientPosition:symbol: 002415 exchange: HKSZ clientId: 123 positionStatus: NORMAL position: 11000 posLong: 0 posShort: 0 posLongPending: 200
2018.01.18 at 13:47:30 CST INFO  com.sanjin.business.orderManage.ExecutionManagement 292 updateClientPosition - newClientPosition:symbol: 002415 exchange: HKSZ clientId: 123 positionStatus: NORMAL position: 11000 posLong: 0 posShort: 0 posLongPending: 200
2018.01.18 at 13:47:30 CST INFO  com.sanjin.business.orderManage.ExecutionManagement 293 updateClientPosition - clientPosSum:symbol: 002415 exchange: SZ clientId: 123 positionStatus: NORMAL position: 11000 posLong: 0 posShort: 0 posLongPending: 200 posShortPending: 0
2018.01.18 at 13:47:30 CST INFO  com.sanjin.business.orderManage.ExecutionManagement 55 run - preBrokerOrdersymbol: 002415 exchange: HKSZ brokerId: 1 brokerOrderId: 11347300 clientOrderId: 201801181347300000000 direction: BUY price: 39.5 totalVolume: 200 tradedPrice: 0.0 tradedVolume: 0 orderStatus: STATUS_UNKNOWN
2018.01.18 at 13:47:30 CST INFO  com.sanjin.business.orderManage.ExecutionManagement 56 run - newBrokerOrdersymbol: 002415 exchange: HKSZ brokerId: 1 brokerOrderId: 11347300 clientOrderId: 201801181347300000000 direction: BUY price: 39.5 totalVolume: 200 tradedPrice: 0.0 tradedVolume: 0 orderTime: 20180118134730 orderStatus: STATUS_NOTTRADED message: New ack
2018.01.18 at 13:47:30 CST INFO  com.sanjin.business.orderManage.ExecutionManagement 57 run - preClientOrdersymbol: 002415 exchange: SZ clientOrderId: 201801181347300000000 direction: BUY price: 39.5 totalVolume: 200 tradedPrice: 0.0 tradedVolume: 0 orderStatus: STATUS_NOTTRADED clientId: 123
2018.01.18 at 13:47:30 CST INFO  com.sanjin.business.orderManage.ExecutionManagement 58 run - newClientOrdersymbol: 002415 exchange: SZ clientOrderId: 201801181347300000000 direction: BUY price: 39.5 totalVolume: 200 tradedPrice: 0.0 tradedVolume: 0 orderTime: 20180118134730 orderStatus: STATUS_NOTTRADED clientId: 123
2018.01.18 at 16:11:40 CST INFO  com.sanjin.business.orderManage.OrderManagement 43 run - Order Management已经开启
2018.01.18 at 16:11:40 CST INFO  com.sanjin.business.orderManage.ExecutionManagement 32 run - Execution Management已经开启
2018.01.18 at 16:11:40 CST INFO  com.sanjin.business.orderManage.CancelOrderManagement 31 run - CancelOrder Management已经开启
2018.01.18 at 16:12:17 CST INFO  com.sanjin.business.orderManage.OrderManagement 49 run - symbol: 002415 exchange: SZ clientOrderId: 201801181612170000000 direction: BUY price: 39.0 totalVolume: 200 tradedPrice: 0.0 tradedVolume: 0 orderStatus: STATUS_NOTTRADED clientId: 123
2018.01.18 at 16:12:17 CST INFO  com.sanjin.cache.BrokerPositionCache 117 getAvailableMap - 订单201801181612170000000获取下单分配1:200
2018.01.18 at 16:12:17 CST INFO  com.sanjin.cache.BrokerPositionCache 132 getAvailableMap - 订单201801181612170000000分配成功
2018.01.18 at 16:12:17 CST INFO  com.sanjin.cache.BrokerOrderCache 61 addBrokerOrder - add relationship:201801181612170000000-11612170
2018.01.18 at 16:12:17 CST INFO  com.sanjin.business.orderManage.ExecutionManagement 46 run - ---------------------------------------
2018.01.18 at 16:12:17 CST INFO  com.sanjin.cache.BrokerOrderCache 61 addBrokerOrder - add relationship:201801181612170000000-11612170
2018.01.18 at 16:12:17 CST INFO  com.sanjin.business.orderManage.ExecutionManagement 244 updateBrokerPosition - preBrokerPositionsymbol: 002415 exchange: HKSZ brokerId: 1 position: 60000 posLong: 500 posShort: 0 posLongPending: 400 posShortPending: 0 leavesQty: 60000
2018.01.18 at 16:12:17 CST INFO  com.sanjin.business.orderManage.ExecutionManagement 245 updateBrokerPosition - newBrokerPositionsymbol: 002415 exchange: HKSZ brokerId: 1 position: 60000 posLong: 500 posShort: 0 posLongPending: 400 posShortPending: 0 leavesQty: 60000
2018.01.18 at 16:12:17 CST INFO  com.sanjin.business.orderManage.ExecutionManagement 291 updateClientPosition - preClientPosition:symbol: 002415 exchange: HKSZ clientId: 123 positionStatus: NORMAL position: 11000 posLong: 0 posShort: 0 posLongPending: 200
2018.01.18 at 16:12:17 CST INFO  com.sanjin.business.orderManage.ExecutionManagement 292 updateClientPosition - newClientPosition:symbol: 002415 exchange: HKSZ clientId: 123 positionStatus: NORMAL position: 11000 posLong: 0 posShort: 0 posLongPending: 200
2018.01.18 at 16:12:17 CST INFO  com.sanjin.business.orderManage.ExecutionManagement 293 updateClientPosition - clientPosSum:symbol: 002415 exchange: SZ clientId: 123 positionStatus: NORMAL position: 11000 posLong: 0 posShort: 0 posLongPending: 200 posShortPending: 0
2018.01.18 at 16:12:17 CST INFO  com.sanjin.business.orderManage.ExecutionManagement 55 run - preBrokerOrdersymbol: 002415 exchange: HKSZ brokerId: 1 brokerOrderId: 11612170 clientOrderId: 201801181612170000000 direction: BUY price: 39.0 totalVolume: 200 tradedPrice: 0.0 tradedVolume: 0 orderStatus: STATUS_UNKNOWN
2018.01.18 at 16:12:17 CST INFO  com.sanjin.business.orderManage.ExecutionManagement 56 run - newBrokerOrdersymbol: 002415 exchange: HKSZ brokerId: 1 brokerOrderId: 11612170 clientOrderId: 201801181612170000000 direction: BUY price: 39.0 totalVolume: 200 tradedPrice: 0.0 tradedVolume: 0 orderTime: 20180118161217 orderStatus: STATUS_NOTTRADED message: New ack
2018.01.18 at 16:12:17 CST INFO  com.sanjin.business.orderManage.ExecutionManagement 57 run - preClientOrdersymbol: 002415 exchange: SZ clientOrderId: 201801181612170000000 direction: BUY price: 39.0 totalVolume: 200 tradedPrice: 0.0 tradedVolume: 0 orderStatus: STATUS_NOTTRADED clientId: 123
2018.01.18 at 16:12:17 CST INFO  com.sanjin.business.orderManage.ExecutionManagement 58 run - newClientOrdersymbol: 002415 exchange: SZ clientOrderId: 201801181612170000000 direction: BUY price: 39.0 totalVolume: 200 tradedPrice: 0.0 tradedVolume: 0 orderTime: 20180118161217 orderStatus: STATUS_NOTTRADED clientId: 123
2018.01.18 at 16:41:24 CST INFO  com.sanjin.business.orderManage.OrderManagement 43 run - Order Management已经开启
2018.01.18 at 16:41:24 CST INFO  com.sanjin.business.orderManage.ExecutionManagement 32 run - Execution Management已经开启
2018.01.18 at 16:41:24 CST INFO  com.sanjin.business.orderManage.CancelOrderManagement 31 run - CancelOrder Management已经开启
2018.01.18 at 16:42:03 CST INFO  com.sanjin.business.orderManage.OrderManagement 49 run - symbol: 002415 exchange: SZ clientOrderId: 201801181642030000000 direction: BUY price: 39.0 totalVolume: 200 tradedPrice: 0.0 tradedVolume: 0 orderStatus: STATUS_NOTTRADED clientId: 123
2018.01.18 at 16:42:03 CST INFO  com.sanjin.cache.BrokerPositionCache 117 getAvailableMap - 订单201801181642030000000获取下单分配1:200
2018.01.18 at 16:42:03 CST INFO  com.sanjin.cache.BrokerPositionCache 132 getAvailableMap - 订单201801181642030000000分配成功
2018.01.18 at 16:42:03 CST INFO  com.sanjin.cache.BrokerOrderCache 61 addBrokerOrder - add relationship:201801181642030000000-11642030
2018.01.18 at 16:42:03 CST INFO  com.sanjin.business.orderManage.ExecutionManagement 46 run - ---------------------------------------
2018.01.18 at 16:42:03 CST INFO  com.sanjin.cache.BrokerOrderCache 61 addBrokerOrder - add relationship:201801181642030000000-11642030
2018.01.18 at 16:42:03 CST INFO  com.sanjin.business.orderManage.ExecutionManagement 244 updateBrokerPosition - preBrokerPositionsymbol: 002415 exchange: HKSZ brokerId: 1 position: 60000 posLong: 500 posShort: 0 posLongPending: 400 posShortPending: 0 leavesQty: 60000
2018.01.18 at 16:42:03 CST INFO  com.sanjin.business.orderManage.ExecutionManagement 245 updateBrokerPosition - newBrokerPositionsymbol: 002415 exchange: HKSZ brokerId: 1 position: 60000 posLong: 500 posShort: 0 posLongPending: 400 posShortPending: 0 leavesQty: 60000
2018.01.18 at 16:42:03 CST INFO  com.sanjin.business.orderManage.ExecutionManagement 291 updateClientPosition - preClientPosition:symbol: 002415 exchange: HKSZ clientId: 123 positionStatus: NORMAL position: 11000 posLong: 0 posShort: 0 posLongPending: 200
2018.01.18 at 16:42:03 CST INFO  com.sanjin.business.orderManage.ExecutionManagement 292 updateClientPosition - newClientPosition:symbol: 002415 exchange: HKSZ clientId: 123 positionStatus: NORMAL position: 11000 posLong: 0 posShort: 0 posLongPending: 200
2018.01.18 at 16:42:03 CST INFO  com.sanjin.business.orderManage.ExecutionManagement 293 updateClientPosition - clientPosSum:symbol: 002415 exchange: SZ clientId: 123 positionStatus: NORMAL position: 11000 posLong: 0 posShort: 0 posLongPending: 200 posShortPending: 0
2018.01.18 at 16:42:03 CST INFO  com.sanjin.business.orderManage.ExecutionManagement 55 run - preBrokerOrdersymbol: 002415 exchange: HKSZ brokerId: 1 brokerOrderId: 11642030 clientOrderId: 201801181642030000000 direction: BUY price: 39.0 totalVolume: 200 tradedPrice: 0.0 tradedVolume: 0 orderStatus: STATUS_UNKNOWN
2018.01.18 at 16:42:03 CST INFO  com.sanjin.business.orderManage.ExecutionManagement 56 run - newBrokerOrdersymbol: 002415 exchange: HKSZ brokerId: 1 brokerOrderId: 11642030 clientOrderId: 201801181642030000000 direction: BUY price: 39.0 totalVolume: 200 tradedPrice: 0.0 tradedVolume: 0 orderTime: 20180118164204 orderStatus: STATUS_NOTTRADED message: New ack
2018.01.18 at 16:42:03 CST INFO  com.sanjin.business.orderManage.ExecutionManagement 57 run - preClientOrdersymbol: 002415 exchange: SZ clientOrderId: 201801181642030000000 direction: BUY price: 39.0 totalVolume: 200 tradedPrice: 0.0 tradedVolume: 0 orderStatus: STATUS_NOTTRADED clientId: 123
2018.01.18 at 16:42:03 CST INFO  com.sanjin.business.orderManage.ExecutionManagement 58 run - newClientOrdersymbol: 002415 exchange: SZ clientOrderId: 201801181642030000000 direction: BUY price: 39.0 totalVolume: 200 tradedPrice: 0.0 tradedVolume: 0 orderTime: 20180118164204 orderStatus: STATUS_NOTTRADED clientId: 123
2018.01.18 at 16:48:10 CST INFO  com.sanjin.business.orderManage.OrderManagement 43 run - Order Management已经开启
2018.01.18 at 16:48:10 CST INFO  com.sanjin.business.orderManage.ExecutionManagement 32 run - Execution Management已经开启
2018.01.18 at 16:48:10 CST INFO  com.sanjin.business.orderManage.CancelOrderManagement 31 run - CancelOrder Management已经开启
2018.01.18 at 16:48:33 CST INFO  com.sanjin.business.orderManage.OrderManagement 49 run - symbol: 002415 exchange: SZ clientOrderId: 201801181648330000000 direction: BUY price: 39.0 totalVolume: 200 tradedPrice: 0.0 tradedVolume: 0 orderStatus: STATUS_NOTTRADED clientId: 123
2018.01.18 at 16:48:33 CST INFO  com.sanjin.cache.BrokerPositionCache 117 getAvailableMap - 订单201801181648330000000获取下单分配1:200
2018.01.18 at 16:48:33 CST INFO  com.sanjin.cache.BrokerPositionCache 132 getAvailableMap - 订单201801181648330000000分配成功
2018.01.18 at 16:48:33 CST INFO  com.sanjin.cache.BrokerOrderCache 61 addBrokerOrder - add relationship:201801181648330000000-11648330
2018.01.18 at 16:48:33 CST INFO  com.sanjin.business.orderManage.ExecutionManagement 46 run - ---------------------------------------
2018.01.18 at 16:48:33 CST INFO  com.sanjin.cache.BrokerOrderCache 61 addBrokerOrder - add relationship:201801181648330000000-11648330
2018.01.18 at 16:48:33 CST INFO  com.sanjin.business.orderManage.ExecutionManagement 244 updateBrokerPosition - preBrokerPositionsymbol: 002415 exchange: HKSZ brokerId: 1 position: 60000 posLong: 500 posShort: 0 posLongPending: 400 posShortPending: 0 leavesQty: 60000
2018.01.18 at 16:48:33 CST INFO  com.sanjin.business.orderManage.ExecutionManagement 245 updateBrokerPosition - newBrokerPositionsymbol: 002415 exchange: HKSZ brokerId: 1 position: 60000 posLong: 500 posShort: 0 posLongPending: 400 posShortPending: 0 leavesQty: 60000
2018.01.18 at 16:48:33 CST INFO  com.sanjin.business.orderManage.ExecutionManagement 291 updateClientPosition - preClientPosition:symbol: 002415 exchange: HKSZ clientId: 123 positionStatus: NORMAL position: 11000 posLong: 0 posShort: 0 posLongPending: 200
2018.01.18 at 16:48:33 CST INFO  com.sanjin.business.orderManage.ExecutionManagement 292 updateClientPosition - newClientPosition:symbol: 002415 exchange: HKSZ clientId: 123 positionStatus: NORMAL position: 11000 posLong: 0 posShort: 0 posLongPending: 200
2018.01.18 at 16:48:33 CST INFO  com.sanjin.business.orderManage.ExecutionManagement 293 updateClientPosition - clientPosSum:symbol: 002415 exchange: SZ clientId: 123 positionStatus: NORMAL position: 11000 posLong: 0 posShort: 0 posLongPending: 200 posShortPending: 0
2018.01.18 at 16:48:33 CST INFO  com.sanjin.business.orderManage.ExecutionManagement 55 run - preBrokerOrdersymbol: 002415 exchange: HKSZ brokerId: 1 brokerOrderId: 11648330 clientOrderId: 201801181648330000000 direction: BUY price: 39.0 totalVolume: 200 tradedPrice: 0.0 tradedVolume: 0 orderStatus: STATUS_UNKNOWN
2018.01.18 at 16:48:33 CST INFO  com.sanjin.business.orderManage.ExecutionManagement 56 run - newBrokerOrdersymbol: 002415 exchange: HKSZ brokerId: 1 brokerOrderId: 11648330 clientOrderId: 201801181648330000000 direction: BUY price: 39.0 totalVolume: 200 tradedPrice: 0.0 tradedVolume: 0 orderTime: 20180118164834 orderStatus: STATUS_NOTTRADED message: New ack
2018.01.18 at 16:48:33 CST INFO  com.sanjin.business.orderManage.ExecutionManagement 57 run - preClientOrdersymbol: 002415 exchange: SZ clientOrderId: 201801181648330000000 direction: BUY price: 39.0 totalVolume: 200 tradedPrice: 0.0 tradedVolume: 0 orderStatus: STATUS_NOTTRADED clientId: 123
2018.01.18 at 16:48:33 CST INFO  com.sanjin.business.orderManage.ExecutionManagement 58 run - newClientOrdersymbol: 002415 exchange: SZ clientOrderId: 201801181648330000000 direction: BUY price: 39.0 totalVolume: 200 tradedPrice: 0.0 tradedVolume: 0 orderTime: 20180118164834 orderStatus: STATUS_NOTTRADED clientId: 123
2018.01.18 at 16:50:17 CST INFO  com.sanjin.business.orderManage.OrderManagement 43 run - Order Management已经开启
2018.01.18 at 16:50:17 CST INFO  com.sanjin.business.orderManage.ExecutionManagement 32 run - Execution Management已经开启
2018.01.18 at 16:50:17 CST INFO  com.sanjin.business.orderManage.CancelOrderManagement 31 run - CancelOrder Management已经开启
2018.01.18 at 16:50:42 CST INFO  com.sanjin.business.orderManage.OrderManagement 49 run - symbol: 002415 exchange: SZ clientOrderId: 201801181650420000000 direction: BUY price: 39.0 totalVolume: 200 tradedPrice: 0.0 tradedVolume: 0 orderStatus: STATUS_NOTTRADED clientId: 123
2018.01.18 at 16:50:42 CST INFO  com.sanjin.cache.BrokerPositionCache 117 getAvailableMap - 订单201801181650420000000获取下单分配1:200
2018.01.18 at 16:50:42 CST INFO  com.sanjin.cache.BrokerPositionCache 132 getAvailableMap - 订单201801181650420000000分配成功
2018.01.18 at 16:50:42 CST INFO  com.sanjin.cache.BrokerOrderCache 61 addBrokerOrder - add relationship:201801181650420000000-11650420
2018.01.18 at 16:50:43 CST INFO  com.sanjin.business.orderManage.ExecutionManagement 46 run - ---------------------------------------
2018.01.18 at 16:50:43 CST INFO  com.sanjin.cache.BrokerOrderCache 61 addBrokerOrder - add relationship:201801181650420000000-11650420
2018.01.18 at 16:50:43 CST INFO  com.sanjin.business.orderManage.ExecutionManagement 244 updateBrokerPosition - preBrokerPositionsymbol: 002415 exchange: HKSZ brokerId: 1 position: 60000 posLong: 500 posShort: 0 posLongPending: 400 posShortPending: 0 leavesQty: 60000
2018.01.18 at 16:50:43 CST INFO  com.sanjin.business.orderManage.ExecutionManagement 245 updateBrokerPosition - newBrokerPositionsymbol: 002415 exchange: HKSZ brokerId: 1 position: 60000 posLong: 500 posShort: 0 posLongPending: 400 posShortPending: 0 leavesQty: 60000
2018.01.18 at 16:50:43 CST INFO  com.sanjin.business.orderManage.ExecutionManagement 291 updateClientPosition - preClientPosition:symbol: 002415 exchange: HKSZ clientId: 123 positionStatus: NORMAL position: 11000 posLong: 0 posShort: 0 posLongPending: 200
2018.01.18 at 16:50:43 CST INFO  com.sanjin.business.orderManage.ExecutionManagement 292 updateClientPosition - newClientPosition:symbol: 002415 exchange: HKSZ clientId: 123 positionStatus: NORMAL position: 11000 posLong: 0 posShort: 0 posLongPending: 200
2018.01.18 at 16:50:43 CST INFO  com.sanjin.business.orderManage.ExecutionManagement 293 updateClientPosition - clientPosSum:symbol: 002415 exchange: SZ clientId: 123 positionStatus: NORMAL position: 11000 posLong: 0 posShort: 0 posLongPending: 200 posShortPending: 0
2018.01.18 at 16:50:43 CST INFO  com.sanjin.business.orderManage.ExecutionManagement 55 run - preBrokerOrdersymbol: 002415 exchange: HKSZ brokerId: 1 brokerOrderId: 11650420 clientOrderId: 201801181650420000000 direction: BUY price: 39.0 totalVolume: 200 tradedPrice: 0.0 tradedVolume: 0 orderStatus: STATUS_UNKNOWN
2018.01.18 at 16:50:43 CST INFO  com.sanjin.business.orderManage.ExecutionManagement 56 run - newBrokerOrdersymbol: 002415 exchange: HKSZ brokerId: 1 brokerOrderId: 11650420 clientOrderId: 201801181650420000000 direction: BUY price: 39.0 totalVolume: 200 tradedPrice: 0.0 tradedVolume: 0 orderTime: 20180118165043 orderStatus: STATUS_NOTTRADED message: New ack
2018.01.18 at 16:50:43 CST INFO  com.sanjin.business.orderManage.ExecutionManagement 57 run - preClientOrdersymbol: 002415 exchange: SZ clientOrderId: 201801181650420000000 direction: BUY price: 39.0 totalVolume: 200 tradedPrice: 0.0 tradedVolume: 0 orderStatus: STATUS_NOTTRADED clientId: 123
2018.01.18 at 16:50:43 CST INFO  com.sanjin.business.orderManage.ExecutionManagement 58 run - newClientOrdersymbol: 002415 exchange: SZ clientOrderId: 201801181650420000000 direction: BUY price: 39.0 totalVolume: 200 tradedPrice: 0.0 tradedVolume: 0 orderTime: 20180118165043 orderStatus: STATUS_NOTTRADED clientId: 123
2018.01.18 at 16:51:34 CST INFO  com.sanjin.business.orderManage.OrderManagement 43 run - Order Management已经开启
2018.01.18 at 16:51:34 CST INFO  com.sanjin.business.orderManage.ExecutionManagement 32 run - Execution Management已经开启
2018.01.18 at 16:51:34 CST INFO  com.sanjin.business.orderManage.CancelOrderManagement 31 run - CancelOrder Management已经开启
2018.01.18 at 16:52:05 CST INFO  com.sanjin.business.orderManage.OrderManagement 49 run - symbol: 002415 exchange: SZ clientOrderId: 201801181652050000000 direction: BUY price: 39.0 totalVolume: 200 tradedPrice: 0.0 tradedVolume: 0 orderStatus: STATUS_NOTTRADED clientId: 123
2018.01.18 at 16:52:05 CST INFO  com.sanjin.cache.BrokerPositionCache 117 getAvailableMap - 订单201801181652050000000获取下单分配1:200
2018.01.18 at 16:52:05 CST INFO  com.sanjin.cache.BrokerPositionCache 132 getAvailableMap - 订单201801181652050000000分配成功
2018.01.18 at 16:52:05 CST INFO  com.sanjin.cache.BrokerOrderCache 61 addBrokerOrder - add relationship:201801181652050000000-11652050
2018.01.18 at 16:52:05 CST INFO  com.sanjin.business.orderManage.ExecutionManagement 46 run - ---------------------------------------
2018.01.18 at 16:52:05 CST INFO  com.sanjin.cache.BrokerOrderCache 61 addBrokerOrder - add relationship:201801181652050000000-11652050
2018.01.18 at 16:52:05 CST INFO  com.sanjin.business.orderManage.ExecutionManagement 244 updateBrokerPosition - preBrokerPositionsymbol: 002415 exchange: HKSZ brokerId: 1 position: 60000 posLong: 500 posShort: 0 posLongPending: 400 posShortPending: 0 leavesQty: 60000
2018.01.18 at 16:52:05 CST INFO  com.sanjin.business.orderManage.ExecutionManagement 245 updateBrokerPosition - newBrokerPositionsymbol: 002415 exchange: HKSZ brokerId: 1 position: 60000 posLong: 500 posShort: 0 posLongPending: 400 posShortPending: 0 leavesQty: 60000
2018.01.18 at 16:52:05 CST INFO  com.sanjin.business.orderManage.ExecutionManagement 291 updateClientPosition - preClientPosition:symbol: 002415 exchange: HKSZ clientId: 123 positionStatus: NORMAL position: 11000 posLong: 0 posShort: 0 posLongPending: 200
2018.01.18 at 16:52:05 CST INFO  com.sanjin.business.orderManage.ExecutionManagement 292 updateClientPosition - newClientPosition:symbol: 002415 exchange: HKSZ clientId: 123 positionStatus: NORMAL position: 11000 posLong: 0 posShort: 0 posLongPending: 200
2018.01.18 at 16:52:05 CST INFO  com.sanjin.business.orderManage.ExecutionManagement 293 updateClientPosition - clientPosSum:symbol: 002415 exchange: SZ clientId: 123 positionStatus: NORMAL position: 11000 posLong: 0 posShort: 0 posLongPending: 200 posShortPending: 0
2018.01.18 at 16:52:05 CST INFO  com.sanjin.business.orderManage.ExecutionManagement 55 run - preBrokerOrdersymbol: 002415 exchange: HKSZ brokerId: 1 brokerOrderId: 11652050 clientOrderId: 201801181652050000000 direction: BUY price: 39.0 totalVolume: 200 tradedPrice: 0.0 tradedVolume: 0 orderStatus: STATUS_UNKNOWN
2018.01.18 at 16:52:05 CST INFO  com.sanjin.business.orderManage.ExecutionManagement 56 run - newBrokerOrdersymbol: 002415 exchange: HKSZ brokerId: 1 brokerOrderId: 11652050 clientOrderId: 201801181652050000000 direction: BUY price: 39.0 totalVolume: 200 tradedPrice: 0.0 tradedVolume: 0 orderTime: 20180118165206 orderStatus: STATUS_NOTTRADED message: New ack
2018.01.18 at 16:52:05 CST INFO  com.sanjin.business.orderManage.ExecutionManagement 57 run - preClientOrdersymbol: 002415 exchange: SZ clientOrderId: 201801181652050000000 direction: BUY price: 39.0 totalVolume: 200 tradedPrice: 0.0 tradedVolume: 0 orderStatus: STATUS_NOTTRADED clientId: 123
2018.01.18 at 16:52:05 CST INFO  com.sanjin.business.orderManage.ExecutionManagement 58 run - newClientOrdersymbol: 002415 exchange: SZ clientOrderId: 201801181652050000000 direction: BUY price: 39.0 totalVolume: 200 tradedPrice: 0.0 tradedVolume: 0 orderTime: 20180118165206 orderStatus: STATUS_NOTTRADED clientId: 123
2018.01.18 at 16:56:07 CST INFO  com.sanjin.business.orderManage.OrderManagement 43 run - Order Management已经开启
2018.01.18 at 16:56:07 CST INFO  com.sanjin.business.orderManage.ExecutionManagement 32 run - Execution Management已经开启
2018.01.18 at 16:56:07 CST INFO  com.sanjin.business.orderManage.CancelOrderManagement 31 run - CancelOrder Management已经开启
2018.01.18 at 16:56:33 CST INFO  com.sanjin.business.orderManage.OrderManagement 49 run - symbol: 002415 exchange: SZ clientOrderId: 201801181656330000000 direction: BUY price: 39.0 totalVolume: 200 tradedPrice: 0.0 tradedVolume: 0 orderStatus: STATUS_NOTTRADED clientId: 123
2018.01.18 at 16:56:33 CST INFO  com.sanjin.cache.BrokerPositionCache 117 getAvailableMap - 订单201801181656330000000获取下单分配1:200
2018.01.18 at 16:56:33 CST INFO  com.sanjin.cache.BrokerPositionCache 132 getAvailableMap - 订单201801181656330000000分配成功
2018.01.18 at 16:56:33 CST INFO  com.sanjin.cache.BrokerOrderCache 61 addBrokerOrder - add relationship:201801181656330000000-11656330
2018.01.18 at 16:56:34 CST INFO  com.sanjin.business.orderManage.ExecutionManagement 46 run - ---------------------------------------
2018.01.18 at 16:56:34 CST INFO  com.sanjin.cache.BrokerOrderCache 61 addBrokerOrder - add relationship:201801181656330000000-11656330
2018.01.18 at 16:56:34 CST INFO  com.sanjin.business.orderManage.ExecutionManagement 244 updateBrokerPosition - preBrokerPositionsymbol: 002415 exchange: HKSZ brokerId: 1 position: 60000 posLong: 500 posShort: 0 posLongPending: 400 posShortPending: 0 leavesQty: 60000
2018.01.18 at 16:56:34 CST INFO  com.sanjin.business.orderManage.ExecutionManagement 245 updateBrokerPosition - newBrokerPositionsymbol: 002415 exchange: HKSZ brokerId: 1 position: 60000 posLong: 500 posShort: 0 posLongPending: 400 posShortPending: 0 leavesQty: 60000
2018.01.18 at 16:56:34 CST INFO  com.sanjin.business.orderManage.ExecutionManagement 291 updateClientPosition - preClientPosition:symbol: 002415 exchange: HKSZ clientId: 123 positionStatus: NORMAL position: 11000 posLong: 0 posShort: 0 posLongPending: 200
2018.01.18 at 16:56:34 CST INFO  com.sanjin.business.orderManage.ExecutionManagement 292 updateClientPosition - newClientPosition:symbol: 002415 exchange: HKSZ clientId: 123 positionStatus: NORMAL position: 11000 posLong: 0 posShort: 0 posLongPending: 200
2018.01.18 at 16:56:34 CST INFO  com.sanjin.business.orderManage.ExecutionManagement 293 updateClientPosition - clientPosSum:symbol: 002415 exchange: SZ clientId: 123 positionStatus: NORMAL position: 11000 posLong: 0 posShort: 0 posLongPending: 200 posShortPending: 0
2018.01.18 at 16:56:34 CST INFO  com.sanjin.business.orderManage.ExecutionManagement 55 run - preBrokerOrdersymbol: 002415 exchange: HKSZ brokerId: 1 brokerOrderId: 11656330 clientOrderId: 201801181656330000000 direction: BUY price: 39.0 totalVolume: 200 tradedPrice: 0.0 tradedVolume: 0 orderStatus: STATUS_UNKNOWN
2018.01.18 at 16:56:34 CST INFO  com.sanjin.business.orderManage.ExecutionManagement 56 run - newBrokerOrdersymbol: 002415 exchange: HKSZ brokerId: 1 brokerOrderId: 11656330 clientOrderId: 201801181656330000000 direction: BUY price: 39.0 totalVolume: 200 tradedPrice: 0.0 tradedVolume: 0 orderTime: 20180118165634 orderStatus: STATUS_NOTTRADED message: New ack
2018.01.18 at 16:56:34 CST INFO  com.sanjin.business.orderManage.ExecutionManagement 57 run - preClientOrdersymbol: 002415 exchange: SZ clientOrderId: 201801181656330000000 direction: BUY price: 39.0 totalVolume: 200 tradedPrice: 0.0 tradedVolume: 0 orderStatus: STATUS_NOTTRADED clientId: 123
2018.01.18 at 16:56:34 CST INFO  com.sanjin.business.orderManage.ExecutionManagement 58 run - newClientOrdersymbol: 002415 exchange: SZ clientOrderId: 201801181656330000000 direction: BUY price: 39.0 totalVolume: 200 tradedPrice: 0.0 tradedVolume: 0 orderTime: 20180118165634 orderStatus: STATUS_NOTTRADED clientId: 123
2018.01.18 at 16:57:19 CST INFO  com.sanjin.business.orderManage.OrderManagement 49 run - symbol: 603989 exchange: SH clientOrderId: 201801181657190000001 direction: BUY price: 41.13 totalVolume: 500 tradedPrice: 0.0 tradedVolume: 0 orderStatus: STATUS_NOTTRADED clientId: 123-123
2018.01.18 at 16:57:19 CST INFO  com.sanjin.cache.BrokerPositionCache 117 getAvailableMap - 订单201801181657190000001获取下单分配1:500
2018.01.18 at 16:57:19 CST INFO  com.sanjin.cache.BrokerPositionCache 132 getAvailableMap - 订单201801181657190000001分配成功
2018.01.18 at 16:57:19 CST INFO  com.sanjin.cache.BrokerOrderCache 61 addBrokerOrder - add relationship:201801181657190000001-11657191
2018.01.18 at 16:57:19 CST INFO  com.sanjin.business.orderManage.ExecutionManagement 46 run - ---------------------------------------
2018.01.18 at 16:57:19 CST INFO  com.sanjin.cache.BrokerOrderCache 61 addBrokerOrder - add relationship:201801181657190000001-11657191
2018.01.18 at 16:57:19 CST INFO  com.sanjin.business.orderManage.ExecutionManagement 244 updateBrokerPosition - preBrokerPositionsymbol: 603989 exchange: HKSH brokerId: 1 position: 60000 posLong: 0 posShort: 0 posLongPending: 500 posShortPending: 0 leavesQty: 60000
2018.01.18 at 16:57:19 CST INFO  com.sanjin.business.orderManage.ExecutionManagement 245 updateBrokerPosition - newBrokerPositionsymbol: 603989 exchange: HKSH brokerId: 1 position: 60000 posLong: 0 posShort: 0 posLongPending: 500 posShortPending: 0 leavesQty: 60000
2018.01.18 at 16:57:19 CST INFO  com.sanjin.business.orderManage.ExecutionManagement 291 updateClientPosition - preClientPosition:symbol: 603989 exchange: HKSH clientId: 123-123 positionStatus: NORMAL position: 6000 posLong: 0 posShort: 0 posLongPending: 500
2018.01.18 at 16:57:19 CST INFO  com.sanjin.business.orderManage.ExecutionManagement 292 updateClientPosition - newClientPosition:symbol: 603989 exchange: HKSH clientId: 123-123 positionStatus: NORMAL position: 6000 posLong: 0 posShort: 0 posLongPending: 500
2018.01.18 at 16:57:19 CST INFO  com.sanjin.business.orderManage.ExecutionManagement 293 updateClientPosition - clientPosSum:symbol: 603989 exchange: SH clientId: 123-123 positionStatus: NORMAL position: 6000 posLong: 0 posShort: 0 posLongPending: 500 posShortPending: 0
2018.01.18 at 16:57:19 CST INFO  com.sanjin.business.orderManage.ExecutionManagement 55 run - preBrokerOrdersymbol: 603989 exchange: HKSH brokerId: 1 brokerOrderId: 11657191 clientOrderId: 201801181657190000001 direction: BUY price: 41.13 totalVolume: 500 tradedPrice: 0.0 tradedVolume: 0 orderStatus: STATUS_UNKNOWN
2018.01.18 at 16:57:19 CST INFO  com.sanjin.business.orderManage.ExecutionManagement 56 run - newBrokerOrdersymbol: 603989 exchange: HKSH brokerId: 1 brokerOrderId: 11657191 clientOrderId: 201801181657190000001 direction: BUY price: 41.13 totalVolume: 500 tradedPrice: 0.0 tradedVolume: 0 orderTime: 20180118165720 orderStatus: STATUS_NOTTRADED message: New ack
2018.01.18 at 16:57:19 CST INFO  com.sanjin.business.orderManage.ExecutionManagement 57 run - preClientOrdersymbol: 603989 exchange: SH clientOrderId: 201801181657190000001 direction: BUY price: 41.13 totalVolume: 500 tradedPrice: 0.0 tradedVolume: 0 orderStatus: STATUS_NOTTRADED clientId: 123-123
2018.01.18 at 16:57:19 CST INFO  com.sanjin.business.orderManage.ExecutionManagement 58 run - newClientOrdersymbol: 603989 exchange: SH clientOrderId: 201801181657190000001 direction: BUY price: 41.13 totalVolume: 500 tradedPrice: 0.0 tradedVolume: 0 orderTime: 20180118165720 orderStatus: STATUS_NOTTRADED clientId: 123-123
2018.01.18 at 16:58:01 CST INFO  com.sanjin.cache.BrokerOrderCache 61 addBrokerOrder - add relationship:201801181656330000000-11656330
2018.01.18 at 16:58:01 CST INFO  com.sanjin.cache.BrokerOrderCache 61 addBrokerOrder - add relationship:201801181657190000001-11657191
2018.01.18 at 16:58:03 CST INFO  com.sanjin.business.orderManage.OrderManagement 43 run - Order Management已经开启
2018.01.18 at 16:58:03 CST INFO  com.sanjin.business.orderManage.ExecutionManagement 32 run - Execution Management已经开启
2018.01.18 at 16:58:03 CST INFO  com.sanjin.business.orderManage.CancelOrderManagement 31 run - CancelOrder Management已经开启
2018.01.18 at 17:03:19 CST INFO  com.sanjin.cache.BrokerOrderCache 61 addBrokerOrder - add relationship:201801181656330000000-11656330
2018.01.18 at 17:03:19 CST INFO  com.sanjin.cache.BrokerOrderCache 61 addBrokerOrder - add relationship:201801181657190000001-11657191
2018.01.18 at 17:03:20 CST INFO  com.sanjin.business.orderManage.OrderManagement 43 run - Order Management已经开启
2018.01.18 at 17:03:20 CST INFO  com.sanjin.business.orderManage.ExecutionManagement 32 run - Execution Management已经开启
2018.01.18 at 17:03:20 CST INFO  com.sanjin.business.orderManage.CancelOrderManagement 31 run - CancelOrder Management已经开启
2018.01.19 at 13:27:44 CST INFO  com.sanjin.cache.BrokerOrderCache 61 addBrokerOrder - add relationship:201801191002120000002-11002122
2018.01.19 at 13:27:44 CST INFO  com.sanjin.cache.BrokerOrderCache 61 addBrokerOrder - add relationship:201801191001330000000-11001330
2018.01.19 at 13:27:44 CST INFO  com.sanjin.cache.BrokerOrderCache 61 addBrokerOrder - add relationship:201801190947110000000-10947110
2018.01.19 at 13:27:44 CST INFO  com.sanjin.cache.BrokerOrderCache 61 addBrokerOrder - add relationship:201801191003060000003-11003063
2018.01.19 at 13:27:44 CST INFO  com.sanjin.cache.BrokerOrderCache 61 addBrokerOrder - add relationship:201801191003560000005-11003565
2018.01.19 at 13:27:44 CST INFO  com.sanjin.cache.BrokerOrderCache 61 addBrokerOrder - add relationship:201801191010520000008-11010526
2018.01.19 at 13:27:46 CST INFO  com.sanjin.business.orderManage.OrderManagement 43 run - Order Management已经开启
2018.01.19 at 13:27:46 CST INFO  com.sanjin.business.orderManage.ExecutionManagement 32 run - Execution Management已经开启
2018.01.19 at 13:27:46 CST INFO  com.sanjin.business.orderManage.CancelOrderManagement 31 run - CancelOrder Management已经开启
2018.01.19 at 13:35:21 CST INFO  com.sanjin.business.orderManage.CancelOrderManagement 36 run - symbol: 603989 direction: SELL cancelOrderid: 201801191335210000000 origOrderid: 201801191002120000002 clientId: 123
2018.01.19 at 13:35:21 CST INFO  com.sanjin.business.orderManage.CancelOrderManagement 42 run - symbol: 603989 exchange: SH clientOrderId: 201801191002120000002 direction: BUY price: 38.16 totalVolume: 2000 tradedPrice: 38.16 tradedVolume: 2000 orderTime: 20180119100212 orderStatus: STATUS_ALLTRADED message:  clientId: 123
